<?xml version="1.0" encoding="UTF-8"?>
<!-- Generated by org.testng.reporters.JUnitReportReporter -->
<testsuite skipped="0" hostname="DESKTOP-NVM39PS" name="db.mysql.DataTableTest" tests="1" failures="0" timestamp="20 六月 2019 07:03:56 GMT" time="0.236" errors="0">
  <testcase name="testSetDataTable" time="0.236" classname="db.mysql.DataTableTest"/>
</testsuite> <!-- db.mysql.DataTableTest -->
