<?xml version="1.0" encoding="UTF-8"?>
<!-- Generated by org.testng.reporters.JUnitReportReporter -->
<testsuite skipped="0" hostname="DESKTOP-NVM39PS" name="com.eports.test.TestDemo" tests="1" failures="0" timestamp="20 六月 2019 08:40:06 GMT" time="1.532" errors="0">
  <testcase name="apiTestCase" time="1.532" classname="com.eports.test.TestDemo"/>
</testsuite> <!-- com.eports.test.TestDemo -->
